<?xml version="1.0" encoding="UTF-8"?>
<testsuite xmlns:xsi="http://www.w3.org/2001/XMLSchema-instance" xsi:noNamespaceSchemaLocation="https://maven.apache.org/surefire/maven-surefire-plugin/xsd/surefire-test-report-3.0.xsd" version="3.0" name="com.mycompany.smartmealplanner.InputValidationTest" time="0.015" tests="23" errors="0" skipped="0" failures="0">
  <properties>
    <property name="java.specification.version" value="23"/>
    <property name="sun.jnu.encoding" value="UTF-8"/>
    <property name="java.class.path" value="/Users/tomlarson/Desktop/Prog Assessment Submission/SmartMealPlanner/target/test-classes:/Users/tomlarson/Desktop/Prog Assessment Submission/SmartMealPlanner/target/classes:/Users/tomlarson/.m2/repository/org/junit/jupiter/junit-jupiter-api/5.10.3/junit-jupiter-api-5.10.3.jar:/Users/tomlarson/.m2/repository/org/opentest4j/opentest4j/1.3.0/opentest4j-1.3.0.jar:/Users/tomlarson/.m2/repository/org/junit/platform/junit-platform-commons/1.10.3/junit-platform-commons-1.10.3.jar:/Users/tomlarson/.m2/repository/org/apiguardian/apiguardian-api/1.1.2/apiguardian-api-1.1.2.jar:/Users/tomlarson/.m2/repository/org/junit/jupiter/junit-jupiter-params/5.10.3/junit-jupiter-params-5.10.3.jar:/Users/tomlarson/.m2/repository/org/junit/jupiter/junit-jupiter-engine/5.10.3/junit-jupiter-engine-5.10.3.jar:/Users/tomlarson/.m2/repository/org/junit/platform/junit-platform-engine/1.10.3/junit-platform-engine-1.10.3.jar:"/>
    <property name="java.vm.vendor" value="Azul Systems, Inc."/>
    <property name="sun.arch.data.model" value="64"/>
    <property name="java.vendor.url" value="http://www.azul.com/"/>
    <property name="os.name" value="Mac OS X"/>
    <property name="java.vm.specification.version" value="23"/>
    <property name="user.country" value="ZA"/>
    <property name="sun.java.launcher" value="SUN_STANDARD"/>
    <property name="sun.boot.library.path" value="/Applications/Apache NetBeans.app/Contents/Home/lib"/>
    <property name="sun.java.command" value="/Users/tomlarson/Desktop/Prog Assessment Submission/SmartMealPlanner/target/surefire/surefirebooter-20250904232618296_3.jar /Users/tomlarson/Desktop/Prog Assessment Submission/SmartMealPlanner/target/surefire 2025-09-04T23-26-18_256-jvmRun1 surefire-20250904232618296_1tmp surefire_0-20250904232618296_2tmp"/>
    <property name="http.nonProxyHosts" value="local|*.local|169.254/16|*.169.254/16"/>
    <property name="jdk.debug" value="release"/>
    <property name="surefire.test.class.path" value="/Users/tomlarson/Desktop/Prog Assessment Submission/SmartMealPlanner/target/test-classes:/Users/tomlarson/Desktop/Prog Assessment Submission/SmartMealPlanner/target/classes:/Users/tomlarson/.m2/repository/org/junit/jupiter/junit-jupiter-api/5.10.3/junit-jupiter-api-5.10.3.jar:/Users/tomlarson/.m2/repository/org/opentest4j/opentest4j/1.3.0/opentest4j-1.3.0.jar:/Users/tomlarson/.m2/repository/org/junit/platform/junit-platform-commons/1.10.3/junit-platform-commons-1.10.3.jar:/Users/tomlarson/.m2/repository/org/apiguardian/apiguardian-api/1.1.2/apiguardian-api-1.1.2.jar:/Users/tomlarson/.m2/repository/org/junit/jupiter/junit-jupiter-params/5.10.3/junit-jupiter-params-5.10.3.jar:/Users/tomlarson/.m2/repository/org/junit/jupiter/junit-jupiter-engine/5.10.3/junit-jupiter-engine-5.10.3.jar:/Users/tomlarson/.m2/repository/org/junit/platform/junit-platform-engine/1.10.3/junit-platform-engine-1.10.3.jar:"/>
    <property name="sun.cpu.endian" value="little"/>
    <property name="user.home" value="/Users/tomlarson"/>
    <property name="user.language" value="en"/>
    <property name="java.specification.vendor" value="Oracle Corporation"/>
    <property name="java.version.date" value="2025-01-21"/>
    <property name="java.home" value="/Applications/Apache NetBeans.app/Contents/Home"/>
    <property name="file.separator" value="/"/>
    <property name="basedir" value="/Users/tomlarson/Desktop/Prog Assessment Submission/SmartMealPlanner"/>
    <property name="java.vm.compressedOopsMode" value="Zero based"/>
    <property name="line.separator" value="&#10;"/>
    <property name="java.vm.specification.vendor" value="Oracle Corporation"/>
    <property name="java.specification.name" value="Java Platform API Specification"/>
    <property name="apple.awt.application.name" value="ForkedBooter"/>
    <property name="surefire.real.class.path" value="/Users/tomlarson/Desktop/Prog Assessment Submission/SmartMealPlanner/target/surefire/surefirebooter-20250904232618296_3.jar"/>
    <property name="sun.management.compiler" value="HotSpot 64-Bit Tiered Compilers"/>
    <property name="ftp.nonProxyHosts" value="local|*.local|169.254/16|*.169.254/16"/>
    <property name="java.runtime.version" value="23.0.2+7"/>
    <property name="user.name" value="tomlarson"/>
    <property name="stdout.encoding" value="UTF-8"/>
    <property name="path.separator" value=":"/>
    <property name="os.version" value="15.1.1"/>
    <property name="java.runtime.name" value="OpenJDK Runtime Environment"/>
    <property name="file.encoding" value="UTF-8"/>
    <property name="java.vm.name" value="OpenJDK 64-Bit Server VM"/>
    <property name="java.vendor.version" value="Zulu23.32+11-CA"/>
    <property name="maven.ext.class.path" value="/Applications/Apache NetBeans.app/Contents/Resources/netbeans/java/maven-nblib/netbeans-eventspy.jar"/>
    <property name="localRepository" value="/Users/tomlarson/.m2/repository"/>
    <property name="java.vendor.url.bug" value="http://www.azul.com/support/"/>
    <property name="java.io.tmpdir" value="/var/folders/cx/79y77j_j7gn89v875fgp1lj00000gn/T/"/>
    <property name="java.version" value="23.0.2"/>
    <property name="user.dir" value="/Users/tomlarson/Desktop/Prog Assessment Submission/SmartMealPlanner"/>
    <property name="os.arch" value="aarch64"/>
    <property name="java.vm.specification.name" value="Java Virtual Machine Specification"/>
    <property name="native.encoding" value="UTF-8"/>
    <property name="java.library.path" value="/Users/tomlarson/Library/Java/Extensions:/Library/Java/Extensions:/Network/Library/Java/Extensions:/System/Library/Java/Extensions:/usr/lib/java:."/>
    <property name="java.vm.info" value="mixed mode, sharing"/>
    <property name="stderr.encoding" value="UTF-8"/>
    <property name="java.vendor" value="Azul Systems, Inc."/>
    <property name="java.vm.version" value="23.0.2+7"/>
    <property name="sun.io.unicode.encoding" value="UnicodeBig"/>
    <property name="socksNonProxyHosts" value="local|*.local|169.254/16|*.169.254/16"/>
    <property name="java.class.version" value="67.0"/>
  </properties>
  <testcase name="testReadDoublePositiveZeroThenValid" classname="com.mycompany.smartmealplanner.InputValidationTest" time="0.001">
    <system-out><![CDATA[Enter value: Please enter a positive number.
Enter value: ]]></system-out>
  </testcase>
  <testcase name="testReadLineEmpty" classname="com.mycompany.smartmealplanner.InputValidationTest" time="0.001">
    <system-out><![CDATA[Enter value: ]]></system-out>
  </testcase>
  <testcase name="testReadIntInRangeAboveThenValid" classname="com.mycompany.smartmealplanner.InputValidationTest" time="0.002">
    <system-out><![CDATA[Enter days (3-5): Please enter a number between 3 and 5.
Enter days (3-5): ]]></system-out>
  </testcase>
  <testcase name="testReadDoubleInRangeBoundaries" classname="com.mycompany.smartmealplanner.InputValidationTest" time="0.001">
    <system-out><![CDATA[Enter value: Enter value: ]]></system-out>
  </testcase>
  <testcase name="testReadGenderMale" classname="com.mycompany.smartmealplanner.InputValidationTest" time="0.0">
    <system-out><![CDATA[Gender (M/F): ]]></system-out>
  </testcase>
  <testcase name="testReadGenderLowercase" classname="com.mycompany.smartmealplanner.InputValidationTest" time="0.001">
    <system-out><![CDATA[Gender (M/F): ]]></system-out>
  </testcase>
  <testcase name="testReadLineSimple" classname="com.mycompany.smartmealplanner.InputValidationTest" time="0.0">
    <system-out><![CDATA[Enter username: ]]></system-out>
  </testcase>
  <testcase name="testReadDoublePositiveNegativeThenValid" classname="com.mycompany.smartmealplanner.InputValidationTest" time="0.0">
    <system-out><![CDATA[Enter value: Please enter a positive number.
Enter value: ]]></system-out>
  </testcase>
  <testcase name="testReadDoubleInRangeInvalidThenValid" classname="com.mycompany.smartmealplanner.InputValidationTest" time="0.0">
    <system-out><![CDATA[Enter calories: Invalid input. Please enter a number.
Enter calories: ]]></system-out>
  </testcase>
  <testcase name="testReadDoubleInRangePrecise" classname="com.mycompany.smartmealplanner.InputValidationTest" time="0.0">
    <system-out><![CDATA[Enter calories: ]]></system-out>
  </testcase>
  <testcase name="testReadIntInRangeLargeNumber" classname="com.mycompany.smartmealplanner.InputValidationTest" time="0.001">
    <system-out><![CDATA[Enter value: ]]></system-out>
  </testcase>
  <testcase name="testReadIntInRangeLowerBoundary" classname="com.mycompany.smartmealplanner.InputValidationTest" time="0.001">
    <system-out><![CDATA[Enter value: ]]></system-out>
  </testcase>
  <testcase name="testReadGenderFemale" classname="com.mycompany.smartmealplanner.InputValidationTest" time="0.001">
    <system-out><![CDATA[Gender (M/F): ]]></system-out>
  </testcase>
  <testcase name="testReadGenderInvalidThenValid" classname="com.mycompany.smartmealplanner.InputValidationTest" time="0.0">
    <system-out><![CDATA[Gender (M/F): Please enter M for male or F for female.
Gender (M/F): ]]></system-out>
  </testcase>
  <testcase name="testReadDoubleInRangeValid" classname="com.mycompany.smartmealplanner.InputValidationTest" time="0.001">
    <system-out><![CDATA[Enter calories (1200-4000): ]]></system-out>
  </testcase>
  <testcase name="testReadIntInRangeBelowThenValid" classname="com.mycompany.smartmealplanner.InputValidationTest" time="0.0">
    <system-out><![CDATA[Enter days (3-5): Please enter a number between 3 and 5.
Enter days (3-5): ]]></system-out>
  </testcase>
  <testcase name="testReadDoublePositiveValid" classname="com.mycompany.smartmealplanner.InputValidationTest" time="0.0">
    <system-out><![CDATA[Enter protein: ]]></system-out>
  </testcase>
  <testcase name="testReadIntInRangeValid" classname="com.mycompany.smartmealplanner.InputValidationTest" time="0.001">
    <system-out><![CDATA[Enter days (3-5): ]]></system-out>
  </testcase>
  <testcase name="testReadGenderMultipleCharsThenValid" classname="com.mycompany.smartmealplanner.InputValidationTest" time="0.0">
    <system-out><![CDATA[Gender (M/F): Please enter M for male or F for female.
Gender (M/F): ]]></system-out>
  </testcase>
  <testcase name="testReadLineWithSpaces" classname="com.mycompany.smartmealplanner.InputValidationTest" time="0.0">
    <system-out><![CDATA[Enter text: ]]></system-out>
  </testcase>
  <testcase name="testReadDoubleInRangeBelowThenValid" classname="com.mycompany.smartmealplanner.InputValidationTest" time="0.001">
    <system-out><![CDATA[Enter calories (1200-4000): Please enter a value between 1200 and 4000.
Enter calories (1200-4000): ]]></system-out>
  </testcase>
  <testcase name="testReadIntInRangeUpperBoundary" classname="com.mycompany.smartmealplanner.InputValidationTest" time="0.0">
    <system-out><![CDATA[Enter value: ]]></system-out>
  </testcase>
  <testcase name="testReadIntInRangeDecimalThenValid" classname="com.mycompany.smartmealplanner.InputValidationTest" time="0.0">
    <system-out><![CDATA[Enter days: Please enter a whole number.
Enter days: ]]></system-out>
  </testcase>
</testsuite>